# JRE version: OpenJDK Runtime Environment (11.0.8+10) (build 11.0.8+10-b944.6842174)
# Java VM: OpenJDK 64-Bit Server VM (11.0.8+10-b944.6842174, mixed mode, tiered, compressed oops, g1 gc, windows-amd64)
Heap:
 garbage-first heap   total 450560K, used 222420K [0x0000000080000000, 0x0000000100000000)
  region size 1024K, 22 young (22528K), 9 survivors (9216K)
 Metaspace       used 170088K, capacity 173987K, committed 174668K, reserved 1202176K
  class space    used 21091K, capacity 22446K, committed 22732K, reserved 1048576K
GC Heap History (20 events):
Event: 2742.873 GC heap before
{Heap before GC invocations=50 (full 0):
 garbage-first heap   total 315392K, used 267274K [0x0000000080000000, 0x0000000100000000)
  region size 1024K, 70 young (71680K), 3 survivors (3072K)
 Metaspace       used 166110K, capacity 170081K, committed 170316K, reserved 1198080K
  class space    used 20697K, capacity 22103K, committed 22220K, reserved 1048576K
}
Event: 2742.881 GC heap after
{Heap after GC invocations=51 (full 0):
 garbage-first heap   total 315392K, used 208803K [0x0000000080000000, 0x0000000100000000)
  region size 1024K, 9 young (9216K), 9 survivors (9216K)
 Metaspace       used 166110K, capacity 170081K, committed 170316K, reserved 1198080K
  class space    used 20697K, capacity 22103K, committed 22220K, reserved 1048576K
}
Event: 2743.102 GC heap before
{Heap before GC invocations=51 (full 0):
 garbage-first heap   total 315392K, used 262051K [0x0000000080000000, 0x0000000100000000)
  region size 1024K, 62 young (63488K), 9 survivors (9216K)
 Metaspace       used 168806K, capacity 173015K, committed 173388K, reserved 1200128K
  class space    used 21121K, capacity 22605K, committed 22732K, reserved 1048576K
}
Event: 2743.114 GC heap after
{Heap after GC invocations=52 (full 0):
 garbage-first heap   total 315392K, used 218112K [0x0000000080000000, 0x0000000100000000)
  region size 1024K, 8 young (8192K), 8 survivors (8192K)
 Metaspace       used 168806K, capacity 173015K, committed 173388K, reserved 1200128K
  class space    used 21121K, capacity 22605K, committed 22732K, reserved 1048576K
}
Event: 2743.392 GC heap before
{Heap before GC invocations=52 (full 0):
 garbage-first heap   total 315392K, used 279552K [0x0000000080000000, 0x0000000100000000)
  region size 1024K, 53 young (54272K), 8 survivors (8192K)
 Metaspace       used 169380K, capacity 173632K, committed 173900K, reserved 1200128K
  class space    used 21122K, capacity 22605K, committed 22732K, reserved 1048576K
}
Event: 2743.401 GC heap after
{Heap after GC invocations=53 (full 0):
 garbage-first heap   total 315392K, used 235833K [0x0000000080000000, 0x0000000100000000)
  region size 1024K, 7 young (7168K), 7 survivors (7168K)
 Metaspace       used 169380K, capacity 173632K, committed 173900K, reserved 1200128K
  class space    used 21122K, capacity 22605K, committed 22732K, reserved 1048576K
}
Event: 2743.471 GC heap before
{Heap before GC invocations=53 (full 0):
 garbage-first heap   total 315392K, used 264505K [0x0000000080000000, 0x0000000100000000)
  region size 1024K, 36 young (36864K), 7 survivors (7168K)
 Metaspace       used 169384K, capacity 173633K, committed 173900K, reserved 1200128K
  class space    used 21122K, capacity 22605K, committed 22732K, reserved 1048576K
}
Event: 2743.484 GC heap after
{Heap after GC invocations=54 (full 0):
 garbage-first heap   total 315392K, used 251772K [0x0000000080000000, 0x0000000100000000)
  region size 1024K, 5 young (5120K), 5 survivors (5120K)
 Metaspace       used 169384K, capacity 173633K, committed 173900K, reserved 1200128K
  class space    used 21122K, capacity 22605K, committed 22732K, reserved 1048576K
}
Event: 2743.539 GC heap before
{Heap before GC invocations=54 (full 0):
 garbage-first heap   total 315392K, used 267132K [0x0000000080000000, 0x0000000100000000)
  region size 1024K, 21 young (21504K), 5 survivors (5120K)
 Metaspace       used 169384K, capacity 173633K, committed 173900K, reserved 1200128K
  class space    used 21122K, capacity 22605K, committed 22732K, reserved 1048576K
}
Event: 2743.552 GC heap after
{Heap after GC invocations=55 (full 0):
 garbage-first heap   total 380928K, used 262401K [0x0000000080000000, 0x0000000100000000)
  region size 1024K, 3 young (3072K), 3 survivors (3072K)
 Metaspace       used 169384K, capacity 173633K, committed 173900K, reserved 1200128K
  class space    used 21122K, capacity 22605K, committed 22732K, reserved 1048576K
}
Event: 2743.760 GC heap before
{Heap before GC invocations=56 (full 0):
 garbage-first heap   total 380928K, used 265473K [0x0000000080000000, 0x0000000100000000)
  region size 1024K, 41 young (41984K), 3 survivors (3072K)
 Metaspace       used 168827K, capacity 172711K, committed 173900K, reserved 1200128K
  class space    used 20934K, capacity 22274K, committed 22732K, reserved 1048576K
}
Event: 2743.774 GC heap after
{Heap after GC invocations=57 (full 0):
 garbage-first heap   total 380928K, used 240640K [0x0000000080000000, 0x0000000100000000)
  region size 1024K, 6 young (6144K), 6 survivors (6144K)
 Metaspace       used 168827K, capacity 172711K, committed 173900K, reserved 1200128K
  class space    used 20934K, capacity 22274K, committed 22732K, reserved 1048576K
}
Event: 2743.910 GC heap before
{Heap before GC invocations=57 (full 0):
 garbage-first heap   total 380928K, used 256000K [0x0000000080000000, 0x0000000100000000)
  region size 1024K, 18 young (18432K), 6 survivors (6144K)
 Metaspace       used 168828K, capacity 172711K, committed 173900K, reserved 1200128K
  class space    used 20934K, capacity 22274K, committed 22732K, reserved 1048576K
}
Event: 2743.920 GC heap after
{Heap after GC invocations=58 (full 0):
 garbage-first heap   total 380928K, used 211200K [0x0000000080000000, 0x0000000100000000)
  region size 1024K, 3 young (3072K), 3 survivors (3072K)
 Metaspace       used 168828K, capacity 172711K, committed 173900K, reserved 1200128K
  class space    used 20934K, capacity 22274K, committed 22732K, reserved 1048576K
}
Event: 2743.965 GC heap before
{Heap before GC invocations=58 (full 0):
 garbage-first heap   total 380928K, used 227584K [0x0000000080000000, 0x0000000100000000)
  region size 1024K, 18 young (18432K), 3 survivors (3072K)
 Metaspace       used 168828K, capacity 172711K, committed 173900K, reserved 1200128K
  class space    used 20934K, capacity 22274K, committed 22732K, reserved 1048576K
}
Event: 2743.976 GC heap after
{Heap after GC invocations=59 (full 0):
 garbage-first heap   total 380928K, used 200089K [0x0000000080000000, 0x0000000100000000)
  region size 1024K, 3 young (3072K), 3 survivors (3072K)
 Metaspace       used 168828K, capacity 172711K, committed 173900K, reserved 1200128K
  class space    used 20934K, capacity 22274K, committed 22732K, reserved 1048576K
}
Event: 2744.142 GC heap before
{Heap before GC invocations=59 (full 0):
 garbage-first heap   total 380928K, used 269721K [0x0000000080000000, 0x0000000100000000)
  region size 1024K, 64 young (65536K), 3 survivors (3072K)
 Metaspace       used 168838K, capacity 172713K, committed 173900K, reserved 1200128K
  class space    used 20934K, capacity 22274K, committed 22732K, reserved 1048576K
}
Event: 2744.149 GC heap after
{Heap after GC invocations=60 (full 0):
 garbage-first heap   total 450560K, used 215368K [0x0000000080000000, 0x0000000100000000)
  region size 1024K, 8 young (8192K), 8 survivors (8192K)
 Metaspace       used 168838K, capacity 172713K, committed 173900K, reserved 1200128K
  class space    used 20934K, capacity 22274K, committed 22732K, reserved 1048576K
}
Event: 2810.210 GC heap before
{Heap before GC invocations=60 (full 0):
 garbage-first heap   total 450560K, used 315719K [0x0000000080000000, 0x0000000100000000)
  region size 1024K, 91 young (93184K), 8 survivors (8192K)
 Metaspace       used 170087K, capacity 173987K, committed 174668K, reserved 1202176K
  class space    used 21091K, capacity 22446K, committed 22732K, reserved 1048576K
}
Event: 2810.215 GC heap after
{Heap after GC invocations=61 (full 0):
 garbage-first heap   total 450560K, used 210132K [0x0000000080000000, 0x0000000100000000)
  region size 1024K, 9 young (9216K), 9 survivors (9216K)
 Metaspace       used 170087K, capacity 173987K, committed 174668K, reserved 1202176K
  class space    used 21091K, capacity 22446K, committed 22732K, reserved 1048576K
}

